Arguments: 
  /usr/bin/node /usr/bin/yarn init

PATH: 
  /home/bitk/perl5/bin:/home/bitk/Dev/google-cloud-sdk/bin:/home/bitk/.pyenv/shims:/home/bitk/.script:/home/bitk/bin:/usr/local/bin:/home/bitk/.node_modules/bin:/home/bitk/.local/bin:/usr/local/bin:/usr/bin:/bin:/usr/local/sbin:/opt/android-sdk/emulator:/usr/lib/jvm/default/bin:/usr/bin/site_perl:/usr/bin/vendor_perl:/usr/bin/core_perl:/var/lib/snapd/snap/bin:/home/bitk/.local/bin:/home/bitk/.cabal/bin:/home/bitk/go/bin:/home/bitk/.gem/ruby/2.7.0/bin:/opt/android-sdk/build-tools/29.0.2/

Yarn version: 
  1.22.10

Node version: 
  15.7.0

Platform: 
  linux x64

Trace: 
  Error: canceled
      at Interface.<anonymous> (/usr/lib/node_modules/yarn/lib/cli.js:137009:13)
      at Interface.emit (node:events:379:20)
      at Interface._ttyWrite (node:readline:910:16)
      at ReadStream.onkeypress (node:readline:235:10)
      at ReadStream.emit (node:events:379:20)
      at emitKeys (node:internal/readline/utils:358:14)
      at emitKeys.next (<anonymous>)
      at ReadStream.onData (node:readline:1179:36)
      at ReadStream.emit (node:events:379:20)
      at addChunk (node:internal/streams/readable:313:12)

npm manifest: 
  No manifest

yarn manifest: 
  No manifest

Lockfile: 
  No lockfile
